23/05/16 00:06:40 WARN NativeCodeLoader: Unable to load native-hadoop library for your platform... using builtin-java classes where applicable
23/05/16 00:06:42 WARN Hello Spark: Starting HelloSpark
23/05/16 00:06:51 WARN Hello Spark: Finished HelloSpark
23/05/16 00:09:25 WARN NativeCodeLoader: Unable to load native-hadoop library for your platform... using builtin-java classes where applicable
23/05/16 00:09:27 WARN Hello Spark: Starting HelloSpark
23/05/16 00:09:34 WARN Hello Spark: Finished HelloSpark
23/05/16 00:10:19 WARN NativeCodeLoader: Unable to load native-hadoop library for your platform... using builtin-java classes where applicable
23/05/16 00:10:21 WARN Hello Spark: Starting HelloSpark
23/05/16 00:11:20 WARN NativeCodeLoader: Unable to load native-hadoop library for your platform... using builtin-java classes where applicable
23/05/16 00:11:22 WARN Hello Spark: Starting HelloSpark
23/05/16 00:11:30 WARN Hello Spark: Finished HelloSpark
23/05/16 00:11:30 ERROR ShutdownHookManager: Exception while deleting Spark temp dir: C:\Users\Administrator\AppData\Local\Temp\spark-ebc46429-56f9-49fc-ac7a-7be47fffeacb\pyspark-e7ed2086-c688-4e73-aa5f-df742f6231d0
java.nio.file.NoSuchFileException: C:\Users\Administrator\AppData\Local\Temp\spark-ebc46429-56f9-49fc-ac7a-7be47fffeacb\pyspark-e7ed2086-c688-4e73-aa5f-df742f6231d0
	at sun.nio.fs.WindowsException.translateToIOException(WindowsException.java:85) ~[?:?]
	at sun.nio.fs.WindowsException.rethrowAsIOException(WindowsException.java:103) ~[?:?]
	at sun.nio.fs.WindowsException.rethrowAsIOException(WindowsException.java:108) ~[?:?]
	at sun.nio.fs.WindowsFileAttributeViews$Basic.readAttributes(WindowsFileAttributeViews.java:53) ~[?:?]
	at sun.nio.fs.WindowsFileAttributeViews$Basic.readAttributes(WindowsFileAttributeViews.java:38) ~[?:?]
	at sun.nio.fs.WindowsFileSystemProvider.readAttributes(WindowsFileSystemProvider.java:194) ~[?:?]
	at java.nio.file.Files.readAttributes(Files.java:1763) ~[?:?]
	at org.apache.spark.network.util.JavaUtils.deleteRecursivelyUsingJavaIO(JavaUtils.java:128) ~[spark-network-common_2.12-3.4.0.jar:3.4.0]
	at org.apache.spark.network.util.JavaUtils.deleteRecursively(JavaUtils.java:121) ~[spark-network-common_2.12-3.4.0.jar:3.4.0]
	at org.apache.spark.network.util.JavaUtils.deleteRecursively(JavaUtils.java:94) ~[spark-network-common_2.12-3.4.0.jar:3.4.0]
	at org.apache.spark.util.Utils$.deleteRecursively(Utils.scala:1231) ~[spark-core_2.12-3.4.0.jar:3.4.0]
	at org.apache.spark.util.ShutdownHookManager$.$anonfun$new$4(ShutdownHookManager.scala:65) ~[spark-core_2.12-3.4.0.jar:3.4.0]
	at org.apache.spark.util.ShutdownHookManager$.$anonfun$new$4$adapted(ShutdownHookManager.scala:62) ~[spark-core_2.12-3.4.0.jar:3.4.0]
	at scala.collection.IndexedSeqOptimized.foreach(IndexedSeqOptimized.scala:36) ~[scala-library-2.12.17.jar:?]
	at scala.collection.IndexedSeqOptimized.foreach$(IndexedSeqOptimized.scala:33) ~[scala-library-2.12.17.jar:?]
	at scala.collection.mutable.ArrayOps$ofRef.foreach(ArrayOps.scala:198) ~[scala-library-2.12.17.jar:?]
	at org.apache.spark.util.ShutdownHookManager$.$anonfun$new$2(ShutdownHookManager.scala:62) ~[spark-core_2.12-3.4.0.jar:3.4.0]
	at org.apache.spark.util.SparkShutdownHook.run(ShutdownHookManager.scala:214) ~[spark-core_2.12-3.4.0.jar:3.4.0]
	at org.apache.spark.util.SparkShutdownHookManager.$anonfun$runAll$2(ShutdownHookManager.scala:188) ~[spark-core_2.12-3.4.0.jar:3.4.0]
	at scala.runtime.java8.JFunction0$mcV$sp.apply(JFunction0$mcV$sp.java:23) ~[scala-library-2.12.17.jar:?]
	at org.apache.spark.util.Utils$.logUncaughtExceptions(Utils.scala:2088) ~[spark-core_2.12-3.4.0.jar:3.4.0]
	at org.apache.spark.util.SparkShutdownHookManager.$anonfun$runAll$1(ShutdownHookManager.scala:188) ~[spark-core_2.12-3.4.0.jar:3.4.0]
	at scala.runtime.java8.JFunction0$mcV$sp.apply(JFunction0$mcV$sp.java:23) ~[scala-library-2.12.17.jar:?]
	at scala.util.Try$.apply(Try.scala:213) ~[scala-library-2.12.17.jar:?]
	at org.apache.spark.util.SparkShutdownHookManager.runAll(ShutdownHookManager.scala:188) ~[spark-core_2.12-3.4.0.jar:3.4.0]
	at org.apache.spark.util.SparkShutdownHookManager$$anon$2.run(ShutdownHookManager.scala:178) ~[spark-core_2.12-3.4.0.jar:3.4.0]
	at java.util.concurrent.Executors$RunnableAdapter.call(Executors.java:515) ~[?:?]
	at java.util.concurrent.FutureTask.run(FutureTask.java:264) ~[?:?]
	at java.util.concurrent.ThreadPoolExecutor.runWorker(ThreadPoolExecutor.java:1128) ~[?:?]
	at java.util.concurrent.ThreadPoolExecutor$Worker.run(ThreadPoolExecutor.java:628) ~[?:?]
	at java.lang.Thread.run(Thread.java:834) ~[?:?]
23/05/16 00:12:56 WARN NativeCodeLoader: Unable to load native-hadoop library for your platform... using builtin-java classes where applicable
23/05/16 00:12:58 WARN Hello Spark: Starting HelloSpark
23/05/16 00:13:06 WARN Hello Spark: Finished HelloSpark
23/05/16 00:14:08 WARN NativeCodeLoader: Unable to load native-hadoop library for your platform... using builtin-java classes where applicable
23/05/16 00:14:11 WARN Hello Spark: Starting HelloSpark
23/05/16 00:15:57 WARN NativeCodeLoader: Unable to load native-hadoop library for your platform... using builtin-java classes where applicable
23/05/16 00:15:59 WARN Hello Spark: Starting HelloSpark
23/05/16 00:19:30 WARN NativeCodeLoader: Unable to load native-hadoop library for your platform... using builtin-java classes where applicable
23/05/16 00:19:32 WARN Hello Spark: Starting HelloSpark
23/05/16 00:19:43 WARN Hello Spark: Finished HelloSpark
23/05/16 00:19:43 ERROR ShutdownHookManager: Exception while deleting Spark temp dir: C:\Users\Administrator\AppData\Local\Temp\spark-47412319-3556-466e-a0c8-f1ea856862f4\pyspark-82de5bb3-7775-485e-b1a2-128fd8c119f6
java.nio.file.NoSuchFileException: C:\Users\Administrator\AppData\Local\Temp\spark-47412319-3556-466e-a0c8-f1ea856862f4\pyspark-82de5bb3-7775-485e-b1a2-128fd8c119f6
	at sun.nio.fs.WindowsException.translateToIOException(WindowsException.java:85) ~[?:?]
	at sun.nio.fs.WindowsException.rethrowAsIOException(WindowsException.java:103) ~[?:?]
	at sun.nio.fs.WindowsException.rethrowAsIOException(WindowsException.java:108) ~[?:?]
	at sun.nio.fs.WindowsFileAttributeViews$Basic.readAttributes(WindowsFileAttributeViews.java:53) ~[?:?]
	at sun.nio.fs.WindowsFileAttributeViews$Basic.readAttributes(WindowsFileAttributeViews.java:38) ~[?:?]
	at sun.nio.fs.WindowsFileSystemProvider.readAttributes(WindowsFileSystemProvider.java:194) ~[?:?]
	at java.nio.file.Files.readAttributes(Files.java:1763) ~[?:?]
	at org.apache.spark.network.util.JavaUtils.deleteRecursivelyUsingJavaIO(JavaUtils.java:128) ~[spark-network-common_2.12-3.4.0.jar:3.4.0]
	at org.apache.spark.network.util.JavaUtils.deleteRecursively(JavaUtils.java:121) ~[spark-network-common_2.12-3.4.0.jar:3.4.0]
	at org.apache.spark.network.util.JavaUtils.deleteRecursively(JavaUtils.java:94) ~[spark-network-common_2.12-3.4.0.jar:3.4.0]
	at org.apache.spark.util.Utils$.deleteRecursively(Utils.scala:1231) ~[spark-core_2.12-3.4.0.jar:3.4.0]
	at org.apache.spark.util.ShutdownHookManager$.$anonfun$new$4(ShutdownHookManager.scala:65) ~[spark-core_2.12-3.4.0.jar:3.4.0]
	at org.apache.spark.util.ShutdownHookManager$.$anonfun$new$4$adapted(ShutdownHookManager.scala:62) ~[spark-core_2.12-3.4.0.jar:3.4.0]
	at scala.collection.IndexedSeqOptimized.foreach(IndexedSeqOptimized.scala:36) ~[scala-library-2.12.17.jar:?]
	at scala.collection.IndexedSeqOptimized.foreach$(IndexedSeqOptimized.scala:33) ~[scala-library-2.12.17.jar:?]
	at scala.collection.mutable.ArrayOps$ofRef.foreach(ArrayOps.scala:198) ~[scala-library-2.12.17.jar:?]
	at org.apache.spark.util.ShutdownHookManager$.$anonfun$new$2(ShutdownHookManager.scala:62) ~[spark-core_2.12-3.4.0.jar:3.4.0]
	at org.apache.spark.util.SparkShutdownHook.run(ShutdownHookManager.scala:214) ~[spark-core_2.12-3.4.0.jar:3.4.0]
	at org.apache.spark.util.SparkShutdownHookManager.$anonfun$runAll$2(ShutdownHookManager.scala:188) ~[spark-core_2.12-3.4.0.jar:3.4.0]
	at scala.runtime.java8.JFunction0$mcV$sp.apply(JFunction0$mcV$sp.java:23) ~[scala-library-2.12.17.jar:?]
	at org.apache.spark.util.Utils$.logUncaughtExceptions(Utils.scala:2088) ~[spark-core_2.12-3.4.0.jar:3.4.0]
	at org.apache.spark.util.SparkShutdownHookManager.$anonfun$runAll$1(ShutdownHookManager.scala:188) ~[spark-core_2.12-3.4.0.jar:3.4.0]
	at scala.runtime.java8.JFunction0$mcV$sp.apply(JFunction0$mcV$sp.java:23) ~[scala-library-2.12.17.jar:?]
	at scala.util.Try$.apply(Try.scala:213) ~[scala-library-2.12.17.jar:?]
	at org.apache.spark.util.SparkShutdownHookManager.runAll(ShutdownHookManager.scala:188) ~[spark-core_2.12-3.4.0.jar:3.4.0]
	at org.apache.spark.util.SparkShutdownHookManager$$anon$2.run(ShutdownHookManager.scala:178) ~[spark-core_2.12-3.4.0.jar:3.4.0]
	at java.util.concurrent.Executors$RunnableAdapter.call(Executors.java:515) ~[?:?]
	at java.util.concurrent.FutureTask.run(FutureTask.java:264) ~[?:?]
	at java.util.concurrent.ThreadPoolExecutor.runWorker(ThreadPoolExecutor.java:1128) ~[?:?]
	at java.util.concurrent.ThreadPoolExecutor$Worker.run(ThreadPoolExecutor.java:628) ~[?:?]
	at java.lang.Thread.run(Thread.java:834) ~[?:?]
23/05/16 00:23:07 WARN NativeCodeLoader: Unable to load native-hadoop library for your platform... using builtin-java classes where applicable
23/05/16 00:23:09 WARN Hello Spark: Starting HelloSpark
23/05/16 00:26:20 WARN NativeCodeLoader: Unable to load native-hadoop library for your platform... using builtin-java classes where applicable
23/05/16 00:26:22 WARN Hello Spark: Starting HelloSpark
23/05/16 00:26:31 WARN Hello Spark: Finished HelloSpark
23/05/16 00:26:31 ERROR ShutdownHookManager: Exception while deleting Spark temp dir: C:\Users\Administrator\AppData\Local\Temp\spark-8bfb65d4-983e-4250-9ea3-484c74b3edac\pyspark-42087430-48e1-432d-bed8-8690cd98925a
java.nio.file.NoSuchFileException: C:\Users\Administrator\AppData\Local\Temp\spark-8bfb65d4-983e-4250-9ea3-484c74b3edac\pyspark-42087430-48e1-432d-bed8-8690cd98925a
	at sun.nio.fs.WindowsException.translateToIOException(WindowsException.java:85) ~[?:?]
	at sun.nio.fs.WindowsException.rethrowAsIOException(WindowsException.java:103) ~[?:?]
	at sun.nio.fs.WindowsException.rethrowAsIOException(WindowsException.java:108) ~[?:?]
	at sun.nio.fs.WindowsFileAttributeViews$Basic.readAttributes(WindowsFileAttributeViews.java:53) ~[?:?]
	at sun.nio.fs.WindowsFileAttributeViews$Basic.readAttributes(WindowsFileAttributeViews.java:38) ~[?:?]
	at sun.nio.fs.WindowsFileSystemProvider.readAttributes(WindowsFileSystemProvider.java:194) ~[?:?]
	at java.nio.file.Files.readAttributes(Files.java:1763) ~[?:?]
	at org.apache.spark.network.util.JavaUtils.deleteRecursivelyUsingJavaIO(JavaUtils.java:128) ~[spark-network-common_2.12-3.4.0.jar:3.4.0]
	at org.apache.spark.network.util.JavaUtils.deleteRecursively(JavaUtils.java:121) ~[spark-network-common_2.12-3.4.0.jar:3.4.0]
	at org.apache.spark.network.util.JavaUtils.deleteRecursively(JavaUtils.java:94) ~[spark-network-common_2.12-3.4.0.jar:3.4.0]
	at org.apache.spark.util.Utils$.deleteRecursively(Utils.scala:1231) ~[spark-core_2.12-3.4.0.jar:3.4.0]
	at org.apache.spark.util.ShutdownHookManager$.$anonfun$new$4(ShutdownHookManager.scala:65) ~[spark-core_2.12-3.4.0.jar:3.4.0]
	at org.apache.spark.util.ShutdownHookManager$.$anonfun$new$4$adapted(ShutdownHookManager.scala:62) ~[spark-core_2.12-3.4.0.jar:3.4.0]
	at scala.collection.IndexedSeqOptimized.foreach(IndexedSeqOptimized.scala:36) ~[scala-library-2.12.17.jar:?]
	at scala.collection.IndexedSeqOptimized.foreach$(IndexedSeqOptimized.scala:33) ~[scala-library-2.12.17.jar:?]
	at scala.collection.mutable.ArrayOps$ofRef.foreach(ArrayOps.scala:198) ~[scala-library-2.12.17.jar:?]
	at org.apache.spark.util.ShutdownHookManager$.$anonfun$new$2(ShutdownHookManager.scala:62) ~[spark-core_2.12-3.4.0.jar:3.4.0]
	at org.apache.spark.util.SparkShutdownHook.run(ShutdownHookManager.scala:214) ~[spark-core_2.12-3.4.0.jar:3.4.0]
	at org.apache.spark.util.SparkShutdownHookManager.$anonfun$runAll$2(ShutdownHookManager.scala:188) ~[spark-core_2.12-3.4.0.jar:3.4.0]
	at scala.runtime.java8.JFunction0$mcV$sp.apply(JFunction0$mcV$sp.java:23) ~[scala-library-2.12.17.jar:?]
	at org.apache.spark.util.Utils$.logUncaughtExceptions(Utils.scala:2088) ~[spark-core_2.12-3.4.0.jar:3.4.0]
	at org.apache.spark.util.SparkShutdownHookManager.$anonfun$runAll$1(ShutdownHookManager.scala:188) ~[spark-core_2.12-3.4.0.jar:3.4.0]
	at scala.runtime.java8.JFunction0$mcV$sp.apply(JFunction0$mcV$sp.java:23) ~[scala-library-2.12.17.jar:?]
	at scala.util.Try$.apply(Try.scala:213) ~[scala-library-2.12.17.jar:?]
	at org.apache.spark.util.SparkShutdownHookManager.runAll(ShutdownHookManager.scala:188) ~[spark-core_2.12-3.4.0.jar:3.4.0]
	at org.apache.spark.util.SparkShutdownHookManager$$anon$2.run(ShutdownHookManager.scala:178) ~[spark-core_2.12-3.4.0.jar:3.4.0]
	at java.util.concurrent.Executors$RunnableAdapter.call(Executors.java:515) ~[?:?]
	at java.util.concurrent.FutureTask.run(FutureTask.java:264) ~[?:?]
	at java.util.concurrent.ThreadPoolExecutor.runWorker(ThreadPoolExecutor.java:1128) ~[?:?]
	at java.util.concurrent.ThreadPoolExecutor$Worker.run(ThreadPoolExecutor.java:628) ~[?:?]
	at java.lang.Thread.run(Thread.java:834) ~[?:?]
23/05/16 00:27:31 WARN NativeCodeLoader: Unable to load native-hadoop library for your platform... using builtin-java classes where applicable
23/05/16 00:27:34 WARN Hello Spark: Starting HelloSpark
23/05/16 00:27:41 WARN Hello Spark: [Location_Id, Business_Account_Number, Ownership_Name, DBA_Name, Street_Address, City, State, Source_Zipcode, Business_Start_Date, Business_End_Date, Location_Start_Date, Location_End_Date, Mail_Address, Mail_City, Mail_Zipcode, Mail_State, NAICS_Code, NAICS_Code_Description, Parking_Tax, Transient_Occupancy_Tax, LIC_Code, LIC_Code_Description, Supervisor_District, Neighborhoods_-_Analysis_Boundaries, Business_Corridor, Business_Location, UniqueID, SF_Find_Neighborhoods, Current_Police_Districts, Current_Supervisor_Districts, Analysis_Neighborhoods, Neighborhoods]
23/05/16 00:28:57 WARN NativeCodeLoader: Unable to load native-hadoop library for your platform... using builtin-java classes where applicable
23/05/16 00:28:59 WARN Hello Spark: Starting HelloSpark
23/05/16 00:29:06 WARN Hello Spark: [Location_Id, Business_Account_Number, Ownership_Name, DBA_Name, Street_Address, City, State, Source_Zipcode, Business_Start_Date, Business_End_Date, Location_Start_Date, Location_End_Date, Mail_Address, Mail_City, Mail_Zipcode, Mail_State, NAICS_Code, NAICS_Code_Description, Parking_Tax, Transient_Occupancy_Tax, LIC_Code, LIC_Code_Description, Supervisor_District, Neighborhoods_-_Analysis_Boundaries, Business_Corridor, Business_Location, UniqueID, SF_Find_Neighborhoods, Current_Police_Districts, Current_Supervisor_Districts, Analysis_Neighborhoods, Neighborhoods]
23/05/16 00:29:07 WARN Hello Spark: 307716
23/05/16 00:29:09 WARN Hello Spark: [[742, Lafayette, 99999], [742, San Francisco, 99999], [707, Hayward, null], [675, San Francisco, 94133], [675, San Francisco, 94133], [671, San Francisco, null], [671, San Francisco, null], [671, San Francisco, null], [671, San Francisco, null], [671, San Francisco, null], [671, San Francisco, null], [671, San Francisco, null], [670, San Francisco, 94133], [668, San Francisco, 94109], [631, San Francisco, 27105], [631, San Francisco, 27105], [553, San Francisco, null], [484, San Francisco, null], [482, San Francisco, 94104], [482, San Francisco, 94104], [482, San Francisco, 94104], [482, San Francisco, 94104], [482, San Francisco, 94104], [482, San Francisco, 94104], [482, San Francisco, 94104], [482, San Francisco, 94104], [482, San Francisco, 94104], [482, San Francisco, 94104], [481, San Francisco, 94127], [429, San Francisco, null], [424, San Francisco, 93011], [424, San Francisco, 93011], [424, San Francisco, 93011], [422, San Francisco, null], [368, San Francisco, null], [286, San Francisco, null], [265, San Francisco, 94105], [265, San Francisco, 94105], [265, San Francisco, 94105], [265, San Francisco, 94105], [265, San Francisco, 94105], [265, San Francisco, 94105], [265, San Francisco, 94105], [265, San Francisco, 94105], [265, San Francisco, 94105], [265, San Francisco, 94105], [265, San Francisco, 94105], [265, San Francisco, 94105], [265, San Francisco, 94105], [265, San Francisco, 94105], [265, San Francisco, 94105], [265, San Francisco, 94105], [265, San Francisco, 94105], [265, San Francisco, 94105], [265, San Francisco, 94105], [265, San Francisco, 94105], [265, San Francisco, 94105], [265, San Francisco, 94105], [265, San Francisco, 94105], [265, San Francisco, 94105], [265, San Francisco, 94105], [265, San Francisco, 94105], [265, San Francisco, 94105], [265, San Francisco, 94105], [265, San Francisco, 94105], [265, San Francisco, 94105], [265, San Francisco, 94105], [265, San Francisco, 94105], [265, San Francisco, 94105], [265, San Francisco, 94105], [265, San Francisco, 94105], [265, San Francisco, 94105], [265, San Francisco, 94105], [265, San Francisco, 94105], [265, San Francisco, 94105], [265, San Francisco, 94105], [265, San Francisco, 94105], [265, San Francisco, 94105], [265, San Francisco, 94105], [265, San Francisco, 94105], [265, San Francisco, 94105], [265, San Francisco, 94105], [244, San Francisco, 77478], [244, San Francisco, 77478], [244, San Francisco, 77478], [224, San Francisco, null], [224, South San Francisco, null], [216, San Francisco, null], [216, San Francisco, null], [205, San Francisco, null], [189, San Francisco, null], [189, San Francisco, null], [188, San Francisco, 94110], [86, San Francisco, null], [86, San Francisco, null], [71, San Francisco, 94115], [71, San Francisco, 94115], [71, San Francisco, 94115], [71, San Francisco, 94115], [52, San Francisco, 94116], [28, San Francisco, 94118], [24, Rochester, 14650]]
23/05/16 00:29:09 WARN package: Truncated the string representation of a plan since it was too large. This behavior can be adjusted by setting 'spark.sql.debug.maxToStringFields'.
23/05/16 00:29:34 WARN NativeCodeLoader: Unable to load native-hadoop library for your platform... using builtin-java classes where applicable
23/05/16 00:29:37 WARN Hello Spark: Starting HelloSpark
23/05/16 00:29:44 WARN Hello Spark: [Location_Id, Business_Account_Number, Ownership_Name, DBA_Name, Street_Address, City, State, Source_Zipcode, Business_Start_Date, Business_End_Date, Location_Start_Date, Location_End_Date, Mail_Address, Mail_City, Mail_Zipcode, Mail_State, NAICS_Code, NAICS_Code_Description, Parking_Tax, Transient_Occupancy_Tax, LIC_Code, LIC_Code_Description, Supervisor_District, Neighborhoods_-_Analysis_Boundaries, Business_Corridor, Business_Location, UniqueID, SF_Find_Neighborhoods, Current_Police_Districts, Current_Supervisor_Districts, Analysis_Neighborhoods, Neighborhoods]
23/05/16 00:29:45 WARN Hello Spark: 307716
23/05/16 00:29:46 WARN Hello Spark: [[742, Lafayette, 99999], [742, San Francisco, 99999], [707, Hayward, null], [675, San Francisco, 94133], [675, San Francisco, 94133], [671, San Francisco, null], [671, San Francisco, null], [671, San Francisco, null], [671, San Francisco, null], [671, San Francisco, null], [671, San Francisco, null], [671, San Francisco, null], [670, San Francisco, 94133], [668, San Francisco, 94109], [631, San Francisco, 27105], [631, San Francisco, 27105], [553, San Francisco, null], [484, San Francisco, null], [482, San Francisco, 94104], [482, San Francisco, 94104], [482, San Francisco, 94104], [482, San Francisco, 94104], [482, San Francisco, 94104], [482, San Francisco, 94104], [482, San Francisco, 94104], [482, San Francisco, 94104], [482, San Francisco, 94104], [482, San Francisco, 94104], [481, San Francisco, 94127], [429, San Francisco, null], [424, San Francisco, 93011], [424, San Francisco, 93011], [424, San Francisco, 93011], [422, San Francisco, null], [368, San Francisco, null], [286, San Francisco, null], [265, San Francisco, 94105], [265, San Francisco, 94105], [265, San Francisco, 94105], [265, San Francisco, 94105], [265, San Francisco, 94105], [265, San Francisco, 94105], [265, San Francisco, 94105], [265, San Francisco, 94105], [265, San Francisco, 94105], [265, San Francisco, 94105], [265, San Francisco, 94105], [265, San Francisco, 94105], [265, San Francisco, 94105], [265, San Francisco, 94105], [265, San Francisco, 94105], [265, San Francisco, 94105], [265, San Francisco, 94105], [265, San Francisco, 94105], [265, San Francisco, 94105], [265, San Francisco, 94105], [265, San Francisco, 94105], [265, San Francisco, 94105], [265, San Francisco, 94105], [265, San Francisco, 94105], [265, San Francisco, 94105], [265, San Francisco, 94105], [265, San Francisco, 94105], [265, San Francisco, 94105], [265, San Francisco, 94105], [265, San Francisco, 94105], [265, San Francisco, 94105], [265, San Francisco, 94105], [265, San Francisco, 94105], [265, San Francisco, 94105], [265, San Francisco, 94105], [265, San Francisco, 94105], [265, San Francisco, 94105], [265, San Francisco, 94105], [265, San Francisco, 94105], [265, San Francisco, 94105], [265, San Francisco, 94105], [265, San Francisco, 94105], [265, San Francisco, 94105], [265, San Francisco, 94105], [265, San Francisco, 94105], [265, San Francisco, 94105], [244, San Francisco, 77478], [244, San Francisco, 77478], [244, San Francisco, 77478], [224, San Francisco, null], [224, South San Francisco, null], [216, San Francisco, null], [216, San Francisco, null], [205, San Francisco, null], [189, San Francisco, null], [189, San Francisco, null], [188, San Francisco, 94110], [86, San Francisco, null], [86, San Francisco, null], [71, San Francisco, 94115], [71, San Francisco, 94115], [71, San Francisco, 94115], [71, San Francisco, 94115], [52, San Francisco, 94116], [28, San Francisco, 94118], [24, Rochester, 14650]]
23/05/16 00:29:46 WARN package: Truncated the string representation of a plan since it was too large. This behavior can be adjusted by setting 'spark.sql.debug.maxToStringFields'.
23/05/16 00:30:27 WARN NativeCodeLoader: Unable to load native-hadoop library for your platform... using builtin-java classes where applicable
23/05/16 00:30:29 WARN Hello Spark: Starting HelloSpark
23/05/16 00:30:37 WARN Hello Spark: [Location_Id, Business_Account_Number, Ownership_Name, DBA_Name, Street_Address, City, State, Source_Zipcode, Business_Start_Date, Business_End_Date, Location_Start_Date, Location_End_Date, Mail_Address, Mail_City, Mail_Zipcode, Mail_State, NAICS_Code, NAICS_Code_Description, Parking_Tax, Transient_Occupancy_Tax, LIC_Code, LIC_Code_Description, Supervisor_District, Neighborhoods_-_Analysis_Boundaries, Business_Corridor, Business_Location, UniqueID, SF_Find_Neighborhoods, Current_Police_Districts, Current_Supervisor_Districts, Analysis_Neighborhoods, Neighborhoods]
23/05/16 00:30:38 WARN Hello Spark: 307716
23/05/16 00:30:40 WARN Hello Spark: [[742, Lafayette, 99999], [742, San Francisco, 99999], [707, Hayward, null], [675, San Francisco, 94133], [675, San Francisco, 94133], [671, San Francisco, null], [671, San Francisco, null], [671, San Francisco, null], [671, San Francisco, null], [671, San Francisco, null], [671, San Francisco, null], [671, San Francisco, null], [670, San Francisco, 94133], [668, San Francisco, 94109], [631, San Francisco, 27105], [631, San Francisco, 27105], [553, San Francisco, null], [484, San Francisco, null], [482, San Francisco, 94104], [482, San Francisco, 94104], [482, San Francisco, 94104], [482, San Francisco, 94104], [482, San Francisco, 94104], [482, San Francisco, 94104], [482, San Francisco, 94104], [482, San Francisco, 94104], [482, San Francisco, 94104], [482, San Francisco, 94104], [481, San Francisco, 94127], [429, San Francisco, null], [424, San Francisco, 93011], [424, San Francisco, 93011], [424, San Francisco, 93011], [422, San Francisco, null], [368, San Francisco, null], [286, San Francisco, null], [265, San Francisco, 94105], [265, San Francisco, 94105], [265, San Francisco, 94105], [265, San Francisco, 94105], [265, San Francisco, 94105], [265, San Francisco, 94105], [265, San Francisco, 94105], [265, San Francisco, 94105], [265, San Francisco, 94105], [265, San Francisco, 94105], [265, San Francisco, 94105], [265, San Francisco, 94105], [265, San Francisco, 94105], [265, San Francisco, 94105], [265, San Francisco, 94105], [265, San Francisco, 94105], [265, San Francisco, 94105], [265, San Francisco, 94105], [265, San Francisco, 94105], [265, San Francisco, 94105], [265, San Francisco, 94105], [265, San Francisco, 94105], [265, San Francisco, 94105], [265, San Francisco, 94105], [265, San Francisco, 94105], [265, San Francisco, 94105], [265, San Francisco, 94105], [265, San Francisco, 94105], [265, San Francisco, 94105], [265, San Francisco, 94105], [265, San Francisco, 94105], [265, San Francisco, 94105], [265, San Francisco, 94105], [265, San Francisco, 94105], [265, San Francisco, 94105], [265, San Francisco, 94105], [265, San Francisco, 94105], [265, San Francisco, 94105], [265, San Francisco, 94105], [265, San Francisco, 94105], [265, San Francisco, 94105], [265, San Francisco, 94105], [265, San Francisco, 94105], [265, San Francisco, 94105], [265, San Francisco, 94105], [265, San Francisco, 94105], [244, San Francisco, 77478], [244, San Francisco, 77478], [244, San Francisco, 77478], [224, San Francisco, null], [224, South San Francisco, null], [216, San Francisco, null], [216, San Francisco, null], [205, San Francisco, null], [189, San Francisco, null], [189, San Francisco, null], [188, San Francisco, 94110], [86, San Francisco, null], [86, San Francisco, null], [71, San Francisco, 94115], [71, San Francisco, 94115], [71, San Francisco, 94115], [71, San Francisco, 94115], [52, San Francisco, 94116], [28, San Francisco, 94118], [24, Rochester, 14650]]
23/05/16 00:30:40 WARN package: Truncated the string representation of a plan since it was too large. This behavior can be adjusted by setting 'spark.sql.debug.maxToStringFields'.
23/05/16 00:31:57 WARN NativeCodeLoader: Unable to load native-hadoop library for your platform... using builtin-java classes where applicable
23/05/16 00:31:59 WARN Hello Spark: Starting HelloSpark
23/05/16 00:32:07 WARN Hello Spark: [Location Id, Business Account Number, Ownership Name, DBA Name, Street Address, City, State, Source Zipcode, Business Start Date, Business End Date, Location Start Date, Location End Date, Mail Address, Mail City, Mail Zipcode, Mail State, NAICS Code, NAICS Code Description, Parking Tax, Transient Occupancy Tax, LIC Code, LIC Code Description, Supervisor District, Neighborhoods - Analysis Boundaries, Business Corridor, Business Location, UniqueID, SF Find Neighborhoods, Current Police Districts, Current Supervisor Districts, Analysis Neighborhoods, Neighborhoods]
23/05/16 00:32:07 WARN Hello Spark: 307716
23/05/16 00:32:09 WARN Hello Spark: [[742, Lafayette, 99999], [742, San Francisco, 99999], [707, Hayward, null], [675, San Francisco, 94133], [675, San Francisco, 94133], [671, San Francisco, null], [671, San Francisco, null], [671, San Francisco, null], [671, San Francisco, null], [671, San Francisco, null], [671, San Francisco, null], [671, San Francisco, null], [670, San Francisco, 94133], [668, San Francisco, 94109], [631, San Francisco, 27105], [631, San Francisco, 27105], [553, San Francisco, null], [484, San Francisco, null], [482, San Francisco, 94104], [482, San Francisco, 94104], [482, San Francisco, 94104], [482, San Francisco, 94104], [482, San Francisco, 94104], [482, San Francisco, 94104], [482, San Francisco, 94104], [482, San Francisco, 94104], [482, San Francisco, 94104], [482, San Francisco, 94104], [481, San Francisco, 94127], [429, San Francisco, null], [424, San Francisco, 93011], [424, San Francisco, 93011], [424, San Francisco, 93011], [422, San Francisco, null], [368, San Francisco, null], [286, San Francisco, null], [265, San Francisco, 94105], [265, San Francisco, 94105], [265, San Francisco, 94105], [265, San Francisco, 94105], [265, San Francisco, 94105], [265, San Francisco, 94105], [265, San Francisco, 94105], [265, San Francisco, 94105], [265, San Francisco, 94105], [265, San Francisco, 94105], [265, San Francisco, 94105], [265, San Francisco, 94105], [265, San Francisco, 94105], [265, San Francisco, 94105], [265, San Francisco, 94105], [265, San Francisco, 94105], [265, San Francisco, 94105], [265, San Francisco, 94105], [265, San Francisco, 94105], [265, San Francisco, 94105], [265, San Francisco, 94105], [265, San Francisco, 94105], [265, San Francisco, 94105], [265, San Francisco, 94105], [265, San Francisco, 94105], [265, San Francisco, 94105], [265, San Francisco, 94105], [265, San Francisco, 94105], [265, San Francisco, 94105], [265, San Francisco, 94105], [265, San Francisco, 94105], [265, San Francisco, 94105], [265, San Francisco, 94105], [265, San Francisco, 94105], [265, San Francisco, 94105], [265, San Francisco, 94105], [265, San Francisco, 94105], [265, San Francisco, 94105], [265, San Francisco, 94105], [265, San Francisco, 94105], [265, San Francisco, 94105], [265, San Francisco, 94105], [265, San Francisco, 94105], [265, San Francisco, 94105], [265, San Francisco, 94105], [265, San Francisco, 94105], [244, San Francisco, 77478], [244, San Francisco, 77478], [244, San Francisco, 77478], [224, San Francisco, null], [224, South San Francisco, null], [216, San Francisco, null], [216, San Francisco, null], [205, San Francisco, null], [189, San Francisco, null], [189, San Francisco, null], [188, San Francisco, 94110], [86, San Francisco, null], [86, San Francisco, null], [71, San Francisco, 94115], [71, San Francisco, 94115], [71, San Francisco, 94115], [71, San Francisco, 94115], [52, San Francisco, 94116], [28, San Francisco, 94118], [24, Rochester, 14650]]
23/05/16 00:32:09 WARN package: Truncated the string representation of a plan since it was too large. This behavior can be adjusted by setting 'spark.sql.debug.maxToStringFields'.
23/05/16 00:32:25 WARN NativeCodeLoader: Unable to load native-hadoop library for your platform... using builtin-java classes where applicable
23/05/16 00:32:28 WARN Hello Spark: Starting HelloSpark
23/05/16 00:32:35 WARN Hello Spark: [Location Id, Business Account Number, Ownership Name, DBA Name, Street Address, City, State, Source Zipcode, Business Start Date, Business End Date, Location Start Date, Location End Date, Mail Address, Mail City, Mail Zipcode, Mail State, NAICS Code, NAICS Code Description, Parking Tax, Transient Occupancy Tax, LIC Code, LIC Code Description, Supervisor District, Neighborhoods - Analysis Boundaries, Business Corridor, Business Location, UniqueID, SF Find Neighborhoods, Current Police Districts, Current Supervisor Districts, Analysis Neighborhoods, Neighborhoods]
23/05/16 00:32:36 WARN Hello Spark: 307716
23/05/16 00:32:37 WARN Hello Spark: [[742, Lafayette, 99999], [742, San Francisco, 99999], [707, Hayward, null], [675, San Francisco, 94133], [675, San Francisco, 94133], [671, San Francisco, null], [671, San Francisco, null], [671, San Francisco, null], [671, San Francisco, null], [671, San Francisco, null], [671, San Francisco, null], [671, San Francisco, null], [670, San Francisco, 94133], [668, San Francisco, 94109], [631, San Francisco, 27105], [631, San Francisco, 27105], [553, San Francisco, null], [484, San Francisco, null], [482, San Francisco, 94104], [482, San Francisco, 94104], [482, San Francisco, 94104], [482, San Francisco, 94104], [482, San Francisco, 94104], [482, San Francisco, 94104], [482, San Francisco, 94104], [482, San Francisco, 94104], [482, San Francisco, 94104], [482, San Francisco, 94104], [481, San Francisco, 94127], [429, San Francisco, null], [424, San Francisco, 93011], [424, San Francisco, 93011], [424, San Francisco, 93011], [422, San Francisco, null], [368, San Francisco, null], [286, San Francisco, null], [265, San Francisco, 94105], [265, San Francisco, 94105], [265, San Francisco, 94105], [265, San Francisco, 94105], [265, San Francisco, 94105], [265, San Francisco, 94105], [265, San Francisco, 94105], [265, San Francisco, 94105], [265, San Francisco, 94105], [265, San Francisco, 94105], [265, San Francisco, 94105], [265, San Francisco, 94105], [265, San Francisco, 94105], [265, San Francisco, 94105], [265, San Francisco, 94105], [265, San Francisco, 94105], [265, San Francisco, 94105], [265, San Francisco, 94105], [265, San Francisco, 94105], [265, San Francisco, 94105], [265, San Francisco, 94105], [265, San Francisco, 94105], [265, San Francisco, 94105], [265, San Francisco, 94105], [265, San Francisco, 94105], [265, San Francisco, 94105], [265, San Francisco, 94105], [265, San Francisco, 94105], [265, San Francisco, 94105], [265, San Francisco, 94105], [265, San Francisco, 94105], [265, San Francisco, 94105], [265, San Francisco, 94105], [265, San Francisco, 94105], [265, San Francisco, 94105], [265, San Francisco, 94105], [265, San Francisco, 94105], [265, San Francisco, 94105], [265, San Francisco, 94105], [265, San Francisco, 94105], [265, San Francisco, 94105], [265, San Francisco, 94105], [265, San Francisco, 94105], [265, San Francisco, 94105], [265, San Francisco, 94105], [265, San Francisco, 94105], [244, San Francisco, 77478], [244, San Francisco, 77478], [244, San Francisco, 77478], [224, San Francisco, null], [224, South San Francisco, null], [216, San Francisco, null], [216, San Francisco, null], [205, San Francisco, null], [189, San Francisco, null], [189, San Francisco, null], [188, San Francisco, 94110], [86, San Francisco, null], [86, San Francisco, null], [71, San Francisco, 94115], [71, San Francisco, 94115], [71, San Francisco, 94115], [71, San Francisco, 94115], [52, San Francisco, 94116], [28, San Francisco, 94118], [24, Rochester, 14650]]
23/05/16 00:32:37 WARN package: Truncated the string representation of a plan since it was too large. This behavior can be adjusted by setting 'spark.sql.debug.maxToStringFields'.
23/05/16 00:32:37 WARN Hello Spark: Finished HelloSpark
23/05/16 00:32:37 ERROR ShutdownHookManager: Exception while deleting Spark temp dir: C:\Users\Administrator\AppData\Local\Temp\spark-95a2cee0-e762-4480-a5d7-f6c8a353edc6\pyspark-dc89e6ea-4d90-4252-ae66-f110668e5001
java.nio.file.NoSuchFileException: C:\Users\Administrator\AppData\Local\Temp\spark-95a2cee0-e762-4480-a5d7-f6c8a353edc6\pyspark-dc89e6ea-4d90-4252-ae66-f110668e5001
	at sun.nio.fs.WindowsException.translateToIOException(WindowsException.java:85) ~[?:?]
	at sun.nio.fs.WindowsException.rethrowAsIOException(WindowsException.java:103) ~[?:?]
	at sun.nio.fs.WindowsException.rethrowAsIOException(WindowsException.java:108) ~[?:?]
	at sun.nio.fs.WindowsFileAttributeViews$Basic.readAttributes(WindowsFileAttributeViews.java:53) ~[?:?]
	at sun.nio.fs.WindowsFileAttributeViews$Basic.readAttributes(WindowsFileAttributeViews.java:38) ~[?:?]
	at sun.nio.fs.WindowsFileSystemProvider.readAttributes(WindowsFileSystemProvider.java:194) ~[?:?]
	at java.nio.file.Files.readAttributes(Files.java:1763) ~[?:?]
	at org.apache.spark.network.util.JavaUtils.deleteRecursivelyUsingJavaIO(JavaUtils.java:128) ~[spark-network-common_2.12-3.4.0.jar:3.4.0]
	at org.apache.spark.network.util.JavaUtils.deleteRecursively(JavaUtils.java:121) ~[spark-network-common_2.12-3.4.0.jar:3.4.0]
	at org.apache.spark.network.util.JavaUtils.deleteRecursively(JavaUtils.java:94) ~[spark-network-common_2.12-3.4.0.jar:3.4.0]
	at org.apache.spark.util.Utils$.deleteRecursively(Utils.scala:1231) ~[spark-core_2.12-3.4.0.jar:3.4.0]
	at org.apache.spark.util.ShutdownHookManager$.$anonfun$new$4(ShutdownHookManager.scala:65) ~[spark-core_2.12-3.4.0.jar:3.4.0]
	at org.apache.spark.util.ShutdownHookManager$.$anonfun$new$4$adapted(ShutdownHookManager.scala:62) ~[spark-core_2.12-3.4.0.jar:3.4.0]
	at scala.collection.IndexedSeqOptimized.foreach(IndexedSeqOptimized.scala:36) ~[scala-library-2.12.17.jar:?]
	at scala.collection.IndexedSeqOptimized.foreach$(IndexedSeqOptimized.scala:33) ~[scala-library-2.12.17.jar:?]
	at scala.collection.mutable.ArrayOps$ofRef.foreach(ArrayOps.scala:198) ~[scala-library-2.12.17.jar:?]
	at org.apache.spark.util.ShutdownHookManager$.$anonfun$new$2(ShutdownHookManager.scala:62) ~[spark-core_2.12-3.4.0.jar:3.4.0]
	at org.apache.spark.util.SparkShutdownHook.run(ShutdownHookManager.scala:214) ~[spark-core_2.12-3.4.0.jar:3.4.0]
	at org.apache.spark.util.SparkShutdownHookManager.$anonfun$runAll$2(ShutdownHookManager.scala:188) ~[spark-core_2.12-3.4.0.jar:3.4.0]
	at scala.runtime.java8.JFunction0$mcV$sp.apply(JFunction0$mcV$sp.java:23) ~[scala-library-2.12.17.jar:?]
	at org.apache.spark.util.Utils$.logUncaughtExceptions(Utils.scala:2088) ~[spark-core_2.12-3.4.0.jar:3.4.0]
	at org.apache.spark.util.SparkShutdownHookManager.$anonfun$runAll$1(ShutdownHookManager.scala:188) ~[spark-core_2.12-3.4.0.jar:3.4.0]
	at scala.runtime.java8.JFunction0$mcV$sp.apply(JFunction0$mcV$sp.java:23) ~[scala-library-2.12.17.jar:?]
	at scala.util.Try$.apply(Try.scala:213) ~[scala-library-2.12.17.jar:?]
	at org.apache.spark.util.SparkShutdownHookManager.runAll(ShutdownHookManager.scala:188) ~[spark-core_2.12-3.4.0.jar:3.4.0]
	at org.apache.spark.util.SparkShutdownHookManager$$anon$2.run(ShutdownHookManager.scala:178) ~[spark-core_2.12-3.4.0.jar:3.4.0]
	at java.util.concurrent.Executors$RunnableAdapter.call(Executors.java:515) ~[?:?]
	at java.util.concurrent.FutureTask.run(FutureTask.java:264) ~[?:?]
	at java.util.concurrent.ThreadPoolExecutor.runWorker(ThreadPoolExecutor.java:1128) ~[?:?]
	at java.util.concurrent.ThreadPoolExecutor$Worker.run(ThreadPoolExecutor.java:628) ~[?:?]
	at java.lang.Thread.run(Thread.java:834) ~[?:?]
23/05/16 00:33:02 WARN NativeCodeLoader: Unable to load native-hadoop library for your platform... using builtin-java classes where applicable
23/05/16 00:33:05 WARN Hello Spark: Starting HelloSpark
23/05/16 00:33:12 WARN Hello Spark: [Location Id, Business Account Number, Ownership Name, DBA Name, Street Address, City, State, Source Zipcode, Business Start Date, Business End Date, Location Start Date, Location End Date, Mail Address, Mail City, Mail Zipcode, Mail State, NAICS Code, NAICS Code Description, Parking Tax, Transient Occupancy Tax, LIC Code, LIC Code Description, Supervisor District, Neighborhoods - Analysis Boundaries, Business Corridor, Business Location, UniqueID, SF Find Neighborhoods, Current Police Districts, Current Supervisor Districts, Analysis Neighborhoods, Neighborhoods]
23/05/16 00:33:12 WARN Hello Spark: 307716
23/05/16 00:33:14 WARN Hello Spark: [[742, Lafayette, 99999], [742, San Francisco, 99999], [707, Hayward, null], [675, San Francisco, 94133], [675, San Francisco, 94133], [671, San Francisco, null], [671, San Francisco, null], [671, San Francisco, null], [671, San Francisco, null], [671, San Francisco, null], [671, San Francisco, null], [671, San Francisco, null], [670, San Francisco, 94133], [668, San Francisco, 94109], [631, San Francisco, 27105], [631, San Francisco, 27105], [553, San Francisco, null], [484, San Francisco, null], [482, San Francisco, 94104], [482, San Francisco, 94104], [482, San Francisco, 94104], [482, San Francisco, 94104], [482, San Francisco, 94104], [482, San Francisco, 94104], [482, San Francisco, 94104], [482, San Francisco, 94104], [482, San Francisco, 94104], [482, San Francisco, 94104], [481, San Francisco, 94127], [429, San Francisco, null], [424, San Francisco, 93011], [424, San Francisco, 93011], [424, San Francisco, 93011], [422, San Francisco, null], [368, San Francisco, null], [286, San Francisco, null], [265, San Francisco, 94105], [265, San Francisco, 94105], [265, San Francisco, 94105], [265, San Francisco, 94105], [265, San Francisco, 94105], [265, San Francisco, 94105], [265, San Francisco, 94105], [265, San Francisco, 94105], [265, San Francisco, 94105], [265, San Francisco, 94105], [265, San Francisco, 94105], [265, San Francisco, 94105], [265, San Francisco, 94105], [265, San Francisco, 94105], [265, San Francisco, 94105], [265, San Francisco, 94105], [265, San Francisco, 94105], [265, San Francisco, 94105], [265, San Francisco, 94105], [265, San Francisco, 94105], [265, San Francisco, 94105], [265, San Francisco, 94105], [265, San Francisco, 94105], [265, San Francisco, 94105], [265, San Francisco, 94105], [265, San Francisco, 94105], [265, San Francisco, 94105], [265, San Francisco, 94105], [265, San Francisco, 94105], [265, San Francisco, 94105], [265, San Francisco, 94105], [265, San Francisco, 94105], [265, San Francisco, 94105], [265, San Francisco, 94105], [265, San Francisco, 94105], [265, San Francisco, 94105], [265, San Francisco, 94105], [265, San Francisco, 94105], [265, San Francisco, 94105], [265, San Francisco, 94105], [265, San Francisco, 94105], [265, San Francisco, 94105], [265, San Francisco, 94105], [265, San Francisco, 94105], [265, San Francisco, 94105], [265, San Francisco, 94105], [244, San Francisco, 77478], [244, San Francisco, 77478], [244, San Francisco, 77478], [224, San Francisco, null], [224, South San Francisco, null], [216, San Francisco, null], [216, San Francisco, null], [205, San Francisco, null], [189, San Francisco, null], [189, San Francisco, null], [188, San Francisco, 94110], [86, San Francisco, null], [86, San Francisco, null], [71, San Francisco, 94115], [71, San Francisco, 94115], [71, San Francisco, 94115], [71, San Francisco, 94115], [52, San Francisco, 94116], [28, San Francisco, 94118], [24, Rochester, 14650]]
23/05/16 00:33:14 WARN package: Truncated the string representation of a plan since it was too large. This behavior can be adjusted by setting 'spark.sql.debug.maxToStringFields'.
23/05/16 00:33:14 WARN Hello Spark: Finished HelloSpark
23/05/16 00:33:40 WARN NativeCodeLoader: Unable to load native-hadoop library for your platform... using builtin-java classes where applicable
23/05/16 00:33:42 WARN Hello Spark: Starting HelloSpark
23/05/16 00:33:50 WARN Hello Spark: [Location Id, Business Account Number, Ownership Name, DBA Name, Street Address, City, State, Source Zipcode, Business Start Date, Business End Date, Location Start Date, Location End Date, Mail Address, Mail City, Mail Zipcode, Mail State, NAICS Code, NAICS Code Description, Parking Tax, Transient Occupancy Tax, LIC Code, LIC Code Description, Supervisor District, Neighborhoods - Analysis Boundaries, Business Corridor, Business Location, UniqueID, SF Find Neighborhoods, Current Police Districts, Current Supervisor Districts, Analysis Neighborhoods, Neighborhoods]
23/05/16 00:33:51 WARN Hello Spark: 307716
23/05/16 00:33:53 WARN Hello Spark: [[742, Lafayette, 99999], [742, San Francisco, 99999], [707, Hayward, null], [675, San Francisco, 94133], [675, San Francisco, 94133], [671, San Francisco, null], [671, San Francisco, null], [671, San Francisco, null], [671, San Francisco, null], [671, San Francisco, null], [671, San Francisco, null], [671, San Francisco, null], [670, San Francisco, 94133], [668, San Francisco, 94109], [631, San Francisco, 27105], [631, San Francisco, 27105], [553, San Francisco, null], [484, San Francisco, null], [482, San Francisco, 94104], [482, San Francisco, 94104], [482, San Francisco, 94104], [482, San Francisco, 94104], [482, San Francisco, 94104], [482, San Francisco, 94104], [482, San Francisco, 94104], [482, San Francisco, 94104], [482, San Francisco, 94104], [482, San Francisco, 94104], [481, San Francisco, 94127], [429, San Francisco, null], [424, San Francisco, 93011], [424, San Francisco, 93011], [424, San Francisco, 93011], [422, San Francisco, null], [368, San Francisco, null], [286, San Francisco, null], [265, San Francisco, 94105], [265, San Francisco, 94105], [265, San Francisco, 94105], [265, San Francisco, 94105], [265, San Francisco, 94105], [265, San Francisco, 94105], [265, San Francisco, 94105], [265, San Francisco, 94105], [265, San Francisco, 94105], [265, San Francisco, 94105], [265, San Francisco, 94105], [265, San Francisco, 94105], [265, San Francisco, 94105], [265, San Francisco, 94105], [265, San Francisco, 94105], [265, San Francisco, 94105], [265, San Francisco, 94105], [265, San Francisco, 94105], [265, San Francisco, 94105], [265, San Francisco, 94105], [265, San Francisco, 94105], [265, San Francisco, 94105], [265, San Francisco, 94105], [265, San Francisco, 94105], [265, San Francisco, 94105], [265, San Francisco, 94105], [265, San Francisco, 94105], [265, San Francisco, 94105], [265, San Francisco, 94105], [265, San Francisco, 94105], [265, San Francisco, 94105], [265, San Francisco, 94105], [265, San Francisco, 94105], [265, San Francisco, 94105], [265, San Francisco, 94105], [265, San Francisco, 94105], [265, San Francisco, 94105], [265, San Francisco, 94105], [265, San Francisco, 94105], [265, San Francisco, 94105], [265, San Francisco, 94105], [265, San Francisco, 94105], [265, San Francisco, 94105], [265, San Francisco, 94105], [265, San Francisco, 94105], [265, San Francisco, 94105], [244, San Francisco, 77478], [244, San Francisco, 77478], [244, San Francisco, 77478], [224, San Francisco, null], [224, South San Francisco, null], [216, San Francisco, null], [216, San Francisco, null], [205, San Francisco, null], [189, San Francisco, null], [189, San Francisco, null], [188, San Francisco, 94110], [86, San Francisco, null], [86, San Francisco, null], [71, San Francisco, 94115], [71, San Francisco, 94115], [71, San Francisco, 94115], [71, San Francisco, 94115], [52, San Francisco, 94116], [28, San Francisco, 94118], [24, Rochester, 14650]]
23/05/16 00:33:53 WARN package: Truncated the string representation of a plan since it was too large. This behavior can be adjusted by setting 'spark.sql.debug.maxToStringFields'.
23/05/16 00:33:53 WARN Hello Spark: Finished HelloSpark
